<?xml version="1.0" encoding="UTF-8"?>
<testng-results ignored="0" total="1" passed="1" failed="0" skipped="0">
  <reporter-output>
  </reporter-output>
  <suite started-at="2025-05-15T11:58:42 IST" name="Default suite" finished-at="2025-05-15T11:58:42 IST" duration-ms="38">
    <groups>
    </groups>
    <test started-at="2025-05-15T11:58:42 IST" name="Default test" finished-at="2025-05-15T11:58:42 IST" duration-ms="38">
      <class name="mavennewpkg.democlass">
        <test-method signature="demoTest()[pri:0, instance:mavennewpkg.democlass@43195e57]" started-at="2025-05-15T11:58:42 IST" name="demoTest" finished-at="2025-05-15T11:58:42 IST" duration-ms="10" status="PASS">
          <reporter-output>
          </reporter-output>
        </test-method> <!-- demoTest -->
      </class> <!-- mavennewpkg.democlass -->
    </test> <!-- Default test -->
  </suite> <!-- Default suite -->
</testng-results>
